[2024-05-22T18:53:21.589+0000] {local_task_job_runner.py:120} INFO - ::group::Pre task execution logs
[2024-05-22T18:53:21.608+0000] {taskinstance.py:2076} INFO - Dependencies all met for dep_context=non-requeueable deps ti=<TaskInstance: web_scraping_to_json_dag.scrape_website manual__2024-05-22T18:53:17.994115+00:00 [queued]>
[2024-05-22T18:53:21.619+0000] {taskinstance.py:2076} INFO - Dependencies all met for dep_context=requeueable deps ti=<TaskInstance: web_scraping_to_json_dag.scrape_website manual__2024-05-22T18:53:17.994115+00:00 [queued]>
[2024-05-22T18:53:21.621+0000] {taskinstance.py:2306} INFO - Starting attempt 1 of 2
[2024-05-22T18:53:21.634+0000] {taskinstance.py:2330} INFO - Executing <Task(PythonOperator): scrape_website> on 2024-05-22 18:53:17.994115+00:00
[2024-05-22T18:53:21.641+0000] {warnings.py:110} WARNING - /home/***/.local/lib/python3.12/site-packages/***/task/task_runner/standard_task_runner.py:61: DeprecationWarning: This process (pid=80) is multi-threaded, use of fork() may lead to deadlocks in the child.
  pid = os.fork()

[2024-05-22T18:53:21.643+0000] {standard_task_runner.py:63} INFO - Started process 82 to run task
[2024-05-22T18:53:21.643+0000] {standard_task_runner.py:90} INFO - Running: ['***', 'tasks', 'run', 'web_scraping_to_json_dag', 'scrape_website', 'manual__2024-05-22T18:53:17.994115+00:00', '--job-id', '85', '--raw', '--subdir', 'DAGS_FOLDER/web_scrapper_test_dag.py', '--cfg-path', '/tmp/tmp8dzr_1bp']
[2024-05-22T18:53:21.645+0000] {standard_task_runner.py:91} INFO - Job 85: Subtask scrape_website
[2024-05-22T18:53:21.700+0000] {task_command.py:426} INFO - Running <TaskInstance: web_scraping_to_json_dag.scrape_website manual__2024-05-22T18:53:17.994115+00:00 [running]> on host 0010e6c6fd75
[2024-05-22T18:53:21.778+0000] {taskinstance.py:2648} INFO - Exporting env vars: AIRFLOW_CTX_DAG_OWNER='***' AIRFLOW_CTX_DAG_ID='web_scraping_to_json_dag' AIRFLOW_CTX_TASK_ID='scrape_website' AIRFLOW_CTX_EXECUTION_DATE='2024-05-22T18:53:17.994115+00:00' AIRFLOW_CTX_TRY_NUMBER='1' AIRFLOW_CTX_DAG_RUN_ID='manual__2024-05-22T18:53:17.994115+00:00'
[2024-05-22T18:53:21.780+0000] {taskinstance.py:430} INFO - ::endgroup::
[2024-05-22T18:53:23.324+0000] {logging_mixin.py:188} INFO - Microsoft Corporation (MSFT)
[2024-05-22T18:53:23.328+0000] {python.py:237} INFO - Done. Returned value was: Microsoft Corporation (MSFT)
[2024-05-22T18:53:23.329+0000] {taskinstance.py:441} INFO - ::group::Post task execution logs
[2024-05-22T18:53:23.348+0000] {taskinstance.py:1206} INFO - Marking task as SUCCESS. dag_id=web_scraping_to_json_dag, task_id=scrape_website, run_id=manual__2024-05-22T18:53:17.994115+00:00, execution_date=20240522T185317, start_date=20240522T185321, end_date=20240522T185323
[2024-05-22T18:53:23.386+0000] {local_task_job_runner.py:240} INFO - Task exited with return code 0
[2024-05-22T18:53:23.403+0000] {taskinstance.py:3498} INFO - 1 downstream tasks scheduled from follow-on schedule check
[2024-05-22T18:53:23.405+0000] {local_task_job_runner.py:222} INFO - ::endgroup::
