[2024-05-24T12:17:10.402+0000] {local_task_job_runner.py:120} INFO - ::group::Pre task execution logs
[2024-05-24T12:17:10.423+0000] {taskinstance.py:2076} INFO - Dependencies all met for dep_context=non-requeueable deps ti=<TaskInstance: hello_world_dag.print_hello scheduled__2024-05-23T00:00:00+00:00 [queued]>
[2024-05-24T12:17:10.432+0000] {taskinstance.py:2076} INFO - Dependencies all met for dep_context=requeueable deps ti=<TaskInstance: hello_world_dag.print_hello scheduled__2024-05-23T00:00:00+00:00 [queued]>
[2024-05-24T12:17:10.442+0000] {taskinstance.py:2306} INFO - Starting attempt 1 of 2
[2024-05-24T12:17:10.456+0000] {taskinstance.py:2330} INFO - Executing <Task(PythonOperator): print_hello> on 2024-05-23 00:00:00+00:00
[2024-05-24T12:17:10.465+0000] {warnings.py:110} WARNING - /home/***/.local/lib/python3.12/site-packages/***/task/task_runner/standard_task_runner.py:61: DeprecationWarning: This process (pid=60) is multi-threaded, use of fork() may lead to deadlocks in the child.
  pid = os.fork()

[2024-05-24T12:17:10.469+0000] {standard_task_runner.py:63} INFO - Started process 64 to run task
[2024-05-24T12:17:10.467+0000] {standard_task_runner.py:90} INFO - Running: ['***', 'tasks', 'run', 'hello_world_dag', 'print_hello', 'scheduled__2024-05-23T00:00:00+00:00', '--job-id', '96', '--raw', '--subdir', 'DAGS_FOLDER/hello_world_dag.py', '--cfg-path', '/tmp/tmpfjqyzmd1']
[2024-05-24T12:17:10.471+0000] {standard_task_runner.py:91} INFO - Job 96: Subtask print_hello
[2024-05-24T12:17:10.523+0000] {task_command.py:426} INFO - Running <TaskInstance: hello_world_dag.print_hello scheduled__2024-05-23T00:00:00+00:00 [running]> on host 0010e6c6fd75
[2024-05-24T12:17:10.618+0000] {taskinstance.py:2648} INFO - Exporting env vars: AIRFLOW_CTX_DAG_OWNER='***' AIRFLOW_CTX_DAG_ID='hello_world_dag' AIRFLOW_CTX_TASK_ID='print_hello' AIRFLOW_CTX_EXECUTION_DATE='2024-05-23T00:00:00+00:00' AIRFLOW_CTX_TRY_NUMBER='1' AIRFLOW_CTX_DAG_RUN_ID='scheduled__2024-05-23T00:00:00+00:00'
[2024-05-24T12:17:10.622+0000] {taskinstance.py:430} INFO - ::endgroup::
[2024-05-24T12:17:10.623+0000] {logging_mixin.py:188} INFO - Olá, Airflow está funcionando!
[2024-05-24T12:17:10.624+0000] {python.py:237} INFO - Done. Returned value was: None
[2024-05-24T12:17:10.625+0000] {taskinstance.py:441} INFO - ::group::Post task execution logs
[2024-05-24T12:17:10.637+0000] {taskinstance.py:1206} INFO - Marking task as SUCCESS. dag_id=hello_world_dag, task_id=print_hello, run_id=scheduled__2024-05-23T00:00:00+00:00, execution_date=20240523T000000, start_date=20240524T121710, end_date=20240524T121710
[2024-05-24T12:17:10.686+0000] {local_task_job_runner.py:240} INFO - Task exited with return code 0
[2024-05-24T12:17:10.700+0000] {taskinstance.py:3498} INFO - 0 downstream tasks scheduled from follow-on schedule check
[2024-05-24T12:17:10.703+0000] {local_task_job_runner.py:222} INFO - ::endgroup::
