[2024-05-22T18:12:44.922+0000] {local_task_job_runner.py:120} INFO - ::group::Pre task execution logs
[2024-05-22T18:12:44.939+0000] {taskinstance.py:2076} INFO - Dependencies all met for dep_context=non-requeueable deps ti=<TaskInstance: web_scraping_to_json_dag.scrape_website manual__2024-05-22T18:12:42.208992+00:00 [queued]>
[2024-05-22T18:12:44.946+0000] {taskinstance.py:2076} INFO - Dependencies all met for dep_context=requeueable deps ti=<TaskInstance: web_scraping_to_json_dag.scrape_website manual__2024-05-22T18:12:42.208992+00:00 [queued]>
[2024-05-22T18:12:44.947+0000] {taskinstance.py:2306} INFO - Starting attempt 1 of 2
[2024-05-22T18:12:44.958+0000] {taskinstance.py:2330} INFO - Executing <Task(PythonOperator): scrape_website> on 2024-05-22 18:12:42.208992+00:00
[2024-05-22T18:12:44.964+0000] {warnings.py:110} WARNING - /home/***/.local/lib/python3.12/site-packages/***/task/task_runner/standard_task_runner.py:61: DeprecationWarning: This process (pid=1302) is multi-threaded, use of fork() may lead to deadlocks in the child.
  pid = os.fork()

[2024-05-22T18:12:44.967+0000] {standard_task_runner.py:63} INFO - Started process 1304 to run task
[2024-05-22T18:12:44.966+0000] {standard_task_runner.py:90} INFO - Running: ['***', 'tasks', 'run', 'web_scraping_to_json_dag', 'scrape_website', 'manual__2024-05-22T18:12:42.208992+00:00', '--job-id', '11', '--raw', '--subdir', 'DAGS_FOLDER/web_scrapper_test_dag.py', '--cfg-path', '/tmp/tmp3i6vaarp']
[2024-05-22T18:12:44.968+0000] {standard_task_runner.py:91} INFO - Job 11: Subtask scrape_website
[2024-05-22T18:12:45.006+0000] {task_command.py:426} INFO - Running <TaskInstance: web_scraping_to_json_dag.scrape_website manual__2024-05-22T18:12:42.208992+00:00 [running]> on host a140284f2937
[2024-05-22T18:12:45.082+0000] {taskinstance.py:2648} INFO - Exporting env vars: AIRFLOW_CTX_DAG_OWNER='***' AIRFLOW_CTX_DAG_ID='web_scraping_to_json_dag' AIRFLOW_CTX_TASK_ID='scrape_website' AIRFLOW_CTX_EXECUTION_DATE='2024-05-22T18:12:42.208992+00:00' AIRFLOW_CTX_TRY_NUMBER='1' AIRFLOW_CTX_DAG_RUN_ID='manual__2024-05-22T18:12:42.208992+00:00'
[2024-05-22T18:12:45.084+0000] {taskinstance.py:430} INFO - ::endgroup::
[2024-05-22T18:12:46.702+0000] {logging_mixin.py:188} INFO - Microsoft Corporation (MSFT)
[2024-05-22T18:12:46.703+0000] {python.py:237} INFO - Done. Returned value was: Microsoft Corporation (MSFT)
[2024-05-22T18:12:46.705+0000] {taskinstance.py:441} INFO - ::group::Post task execution logs
[2024-05-22T18:12:46.724+0000] {taskinstance.py:1206} INFO - Marking task as SUCCESS. dag_id=web_scraping_to_json_dag, task_id=scrape_website, run_id=manual__2024-05-22T18:12:42.208992+00:00, execution_date=20240522T181242, start_date=20240522T181244, end_date=20240522T181246
[2024-05-22T18:12:46.750+0000] {local_task_job_runner.py:240} INFO - Task exited with return code 0
[2024-05-22T18:12:46.767+0000] {taskinstance.py:3498} INFO - 1 downstream tasks scheduled from follow-on schedule check
[2024-05-22T18:12:46.770+0000] {local_task_job_runner.py:222} INFO - ::endgroup::
