[2024-05-23T12:12:41.698+0000] {local_task_job_runner.py:120} INFO - ::group::Pre task execution logs
[2024-05-23T12:12:41.712+0000] {taskinstance.py:2076} INFO - Dependencies all met for dep_context=non-requeueable deps ti=<TaskInstance: web_scraping_to_json_dag.scrape_website scheduled__2024-05-22T00:00:00+00:00 [queued]>
[2024-05-23T12:12:41.718+0000] {taskinstance.py:2076} INFO - Dependencies all met for dep_context=requeueable deps ti=<TaskInstance: web_scraping_to_json_dag.scrape_website scheduled__2024-05-22T00:00:00+00:00 [queued]>
[2024-05-23T12:12:41.719+0000] {taskinstance.py:2306} INFO - Starting attempt 1 of 2
[2024-05-23T12:12:41.729+0000] {taskinstance.py:2330} INFO - Executing <Task(PythonOperator): scrape_website> on 2024-05-22 00:00:00+00:00
[2024-05-23T12:12:41.733+0000] {warnings.py:110} WARNING - /home/***/.local/lib/python3.12/site-packages/***/task/task_runner/standard_task_runner.py:61: DeprecationWarning: This process (pid=60) is multi-threaded, use of fork() may lead to deadlocks in the child.
  pid = os.fork()

[2024-05-23T12:12:41.735+0000] {standard_task_runner.py:63} INFO - Started process 64 to run task
[2024-05-23T12:12:41.735+0000] {standard_task_runner.py:90} INFO - Running: ['***', 'tasks', 'run', 'web_scraping_to_json_dag', 'scrape_website', 'scheduled__2024-05-22T00:00:00+00:00', '--job-id', '89', '--raw', '--subdir', 'DAGS_FOLDER/web_scrapper_test_dag.py', '--cfg-path', '/tmp/tmpvtmv418r']
[2024-05-23T12:12:41.737+0000] {standard_task_runner.py:91} INFO - Job 89: Subtask scrape_website
[2024-05-23T12:12:41.774+0000] {task_command.py:426} INFO - Running <TaskInstance: web_scraping_to_json_dag.scrape_website scheduled__2024-05-22T00:00:00+00:00 [running]> on host 0010e6c6fd75
[2024-05-23T12:12:41.828+0000] {taskinstance.py:2648} INFO - Exporting env vars: AIRFLOW_CTX_DAG_OWNER='***' AIRFLOW_CTX_DAG_ID='web_scraping_to_json_dag' AIRFLOW_CTX_TASK_ID='scrape_website' AIRFLOW_CTX_EXECUTION_DATE='2024-05-22T00:00:00+00:00' AIRFLOW_CTX_TRY_NUMBER='1' AIRFLOW_CTX_DAG_RUN_ID='scheduled__2024-05-22T00:00:00+00:00'
[2024-05-23T12:12:41.830+0000] {taskinstance.py:430} INFO - ::endgroup::
[2024-05-23T12:12:43.220+0000] {logging_mixin.py:188} INFO - Microsoft Corporation (MSFT)
[2024-05-23T12:12:43.222+0000] {python.py:237} INFO - Done. Returned value was: Microsoft Corporation (MSFT)
[2024-05-23T12:12:43.223+0000] {taskinstance.py:441} INFO - ::group::Post task execution logs
[2024-05-23T12:12:43.238+0000] {taskinstance.py:1206} INFO - Marking task as SUCCESS. dag_id=web_scraping_to_json_dag, task_id=scrape_website, run_id=scheduled__2024-05-22T00:00:00+00:00, execution_date=20240522T000000, start_date=20240523T121241, end_date=20240523T121243
[2024-05-23T12:12:43.277+0000] {local_task_job_runner.py:240} INFO - Task exited with return code 0
[2024-05-23T12:12:43.291+0000] {taskinstance.py:3498} INFO - 1 downstream tasks scheduled from follow-on schedule check
[2024-05-23T12:12:43.293+0000] {local_task_job_runner.py:222} INFO - ::endgroup::
