[2024-05-22T15:30:34.740+0000] {local_task_job_runner.py:120} INFO - ::group::Pre task execution logs
[2024-05-22T15:30:34.757+0000] {taskinstance.py:2076} INFO - Dependencies all met for dep_context=non-requeueable deps ti=<TaskInstance: hello_world_dag.print_hello manual__2024-05-22T15:30:30.471237+00:00 [queued]>
[2024-05-22T15:30:34.764+0000] {taskinstance.py:2076} INFO - Dependencies all met for dep_context=requeueable deps ti=<TaskInstance: hello_world_dag.print_hello manual__2024-05-22T15:30:30.471237+00:00 [queued]>
[2024-05-22T15:30:34.765+0000] {taskinstance.py:2306} INFO - Starting attempt 1 of 2
[2024-05-22T15:30:34.775+0000] {taskinstance.py:2330} INFO - Executing <Task(PythonOperator): print_hello> on 2024-05-22 15:30:30.471237+00:00
[2024-05-22T15:30:34.783+0000] {warnings.py:110} WARNING - /home/***/.local/lib/python3.12/site-packages/***/task/task_runner/standard_task_runner.py:61: DeprecationWarning: This process (pid=200) is multi-threaded, use of fork() may lead to deadlocks in the child.
  pid = os.fork()

[2024-05-22T15:30:34.790+0000] {standard_task_runner.py:63} INFO - Started process 205 to run task
[2024-05-22T15:30:34.793+0000] {standard_task_runner.py:90} INFO - Running: ['***', 'tasks', 'run', 'hello_world_dag', 'print_hello', 'manual__2024-05-22T15:30:30.471237+00:00', '--job-id', '4', '--raw', '--subdir', 'DAGS_FOLDER/hello_world_dag.py', '--cfg-path', '/tmp/tmp7cf61uww']
[2024-05-22T15:30:34.802+0000] {standard_task_runner.py:91} INFO - Job 4: Subtask print_hello
[2024-05-22T15:30:34.920+0000] {task_command.py:426} INFO - Running <TaskInstance: hello_world_dag.print_hello manual__2024-05-22T15:30:30.471237+00:00 [running]> on host a140284f2937
[2024-05-22T15:30:35.048+0000] {taskinstance.py:2648} INFO - Exporting env vars: AIRFLOW_CTX_DAG_OWNER='***' AIRFLOW_CTX_DAG_ID='hello_world_dag' AIRFLOW_CTX_TASK_ID='print_hello' AIRFLOW_CTX_EXECUTION_DATE='2024-05-22T15:30:30.471237+00:00' AIRFLOW_CTX_TRY_NUMBER='1' AIRFLOW_CTX_DAG_RUN_ID='manual__2024-05-22T15:30:30.471237+00:00'
[2024-05-22T15:30:35.052+0000] {taskinstance.py:430} INFO - ::endgroup::
[2024-05-22T15:30:35.053+0000] {logging_mixin.py:188} INFO - Olá, Airflow está funcionando!
[2024-05-22T15:30:35.053+0000] {python.py:237} INFO - Done. Returned value was: None
[2024-05-22T15:30:35.054+0000] {taskinstance.py:441} INFO - ::group::Post task execution logs
[2024-05-22T15:30:35.063+0000] {taskinstance.py:1206} INFO - Marking task as SUCCESS. dag_id=hello_world_dag, task_id=print_hello, run_id=manual__2024-05-22T15:30:30.471237+00:00, execution_date=20240522T153030, start_date=20240522T153034, end_date=20240522T153035
[2024-05-22T15:30:35.086+0000] {local_task_job_runner.py:240} INFO - Task exited with return code 0
[2024-05-22T15:30:35.098+0000] {taskinstance.py:3498} INFO - 0 downstream tasks scheduled from follow-on schedule check
[2024-05-22T15:30:35.101+0000] {local_task_job_runner.py:222} INFO - ::endgroup::
